<?xml version="1.0" encoding="UTF-8"?>
<testng-results skipped="0" failed="0" ignored="0" total="2" passed="2">
  <reporter-output>
  </reporter-output>
  <suite name="Suite" duration-ms="67604" started-at="2020-05-14T06:06:58Z" finished-at="2020-05-14T06:08:06Z">
    <groups>
    </groups>
    <test name="Test" duration-ms="67604" started-at="2020-05-14T06:06:58Z" finished-at="2020-05-14T06:08:06Z">
      <class name="corporateManagement.SearchCorporateTest">
        <test-method status="PASS" signature="launchBrowser()[pri:0, instance:corporateManagement.SearchCorporateTest@4501b7af]" name="launchBrowser" is-config="true" duration-ms="48925" started-at="2020-05-14T11:36:58Z" finished-at="2020-05-14T11:37:47Z">
          <reporter-output>
          </reporter-output>
        </test-method> <!-- launchBrowser -->
        <test-method status="PASS" signature="searchCorporateByAccount()[pri:0, instance:corporateManagement.SearchCorporateTest@4501b7af]" name="searchCorporateByAccount" duration-ms="14683" started-at="2020-05-14T11:37:47Z" finished-at="2020-05-14T11:38:02Z">
          <reporter-output>
          </reporter-output>
        </test-method> <!-- searchCorporateByAccount -->
        <test-method status="PASS" signature="searchCorporateByName()[pri:0, instance:corporateManagement.SearchCorporateTest@4501b7af]" name="searchCorporateByName" duration-ms="3962" started-at="2020-05-14T11:38:02Z" finished-at="2020-05-14T11:38:06Z">
          <reporter-output>
          </reporter-output>
        </test-method> <!-- searchCorporateByName -->
      </class> <!-- corporateManagement.SearchCorporateTest -->
    </test> <!-- Test -->
  </suite> <!-- Suite -->
</testng-results>
